[debug] [2026-06-09T16:19:58.345Z] ----------------------------------------------------------------------
[debug] [2026-06-09T16:19:58.349Z] Command:       E:\nodejs\node.exe C:\Users\hp\AppData\Roaming\npm\node_modules\firebase-tools\lib\bin\firebase.js emulators:start
[debug] [2026-06-09T16:19:58.349Z] CLI Version:   15.19.1
[debug] [2026-06-09T16:19:58.349Z] Platform:      win32
[debug] [2026-06-09T16:19:58.349Z] Node Version:  v24.14.1
[debug] [2026-06-09T16:19:58.349Z] Time:          Tue Jun 09 2026 22:19:58 GMT+0600 (Bangladesh Standard Time)
[debug] [2026-06-09T16:19:58.349Z] ----------------------------------------------------------------------
[debug] 
[debug] [2026-06-09T16:19:58.351Z] >>> [apiv2][query] GET https://firebase-public.firebaseio.com/cli.json [none]
[debug] [2026-06-09T16:19:59.588Z] > command requires scopes: ["email","openid","https://www.googleapis.com/auth/cloudplatformprojects.readonly","https://www.googleapis.com/auth/firebase","https://www.googleapis.com/auth/cloud-platform"]
[debug] Failed to authenticate, have you run firebase login?
[warn] !  emulators: You are not currently authenticated so some features may not work correctly. Please run firebase login to authenticate the CLI. 
[debug] [2026-06-09T16:19:59.681Z] openjdk version "21.0.11" 2026-04-21 LTS
OpenJDK Runtime Environment Microsoft-13877171 (build 21.0.11+10-LTS)

[debug] [2026-06-09T16:19:59.682Z] OpenJDK 64-Bit Server VM Microsoft-13877171 (build 21.0.11+10-LTS, mixed mode, sharing)

[debug] [2026-06-09T16:19:59.690Z] Parsed Java major version: 21
[info] i  emulators: Starting emulators: auth, functions, firestore, storage, extensions {"metadata":{"emulator":{"name":"hub"},"message":"Starting emulators: auth, functions, firestore, storage, extensions"}}
[debug] [2026-06-09T16:19:59.692Z] No OAuth tokens found
[debug] [2026-06-09T16:19:59.692Z] No OAuth tokens found
[debug] [2026-06-09T16:19:59.692Z] > command requires scopes: ["email","openid","https://www.googleapis.com/auth/cloudplatformprojects.readonly","https://www.googleapis.com/auth/firebase","https://www.googleapis.com/auth/cloud-platform"]
[debug] [2026-06-09T16:19:59.692Z] Unable to check that https://cloudresourcemanager.googleapis.com is enabled on quicklime-83fd3. Calls to it will fail if it is not enabled
[debug] [2026-06-09T16:19:59.692Z] No OAuth tokens found
[debug] [2026-06-09T16:19:59.693Z] No OAuth tokens found
[debug] [2026-06-09T16:19:59.693Z] > command requires scopes: ["email","openid","https://www.googleapis.com/auth/cloudplatformprojects.readonly","https://www.googleapis.com/auth/firebase","https://www.googleapis.com/auth/cloud-platform"]
[error] !!  extensions: Unable to look up project number for quicklime-83fd3.
 If this is a real project, ensure that you are logged in and have access to it.
 If this is a fake project, please use a project ID starting with 'demo-' to skip production calls.
 Continuing with a fake project number - secrets and other features that require production access may behave unexpectedly. {"metadata":{"emulator":{"name":"extensions"},"message":"Unable to look up project number for quicklime-83fd3.\n If this is a real project, ensure that you are logged in and have access to it.\n If this is a fake project, please use a project ID starting with 'demo-' to skip production calls.\n Continuing with a fake project number - secrets and other features that require production access may behave unexpectedly."}}
[debug] [2026-06-09T16:19:59.709Z] [logging] Logging Emulator only supports listening on one address (127.0.0.1). Not listening on ::1
[debug] [2026-06-09T16:19:59.709Z] [auth] Authentication Emulator only supports listening on one address (127.0.0.1). Not listening on ::1
[debug] [2026-06-09T16:19:59.709Z] [firestore] Firestore Emulator only supports listening on one address (127.0.0.1). Not listening on ::1
[debug] [2026-06-09T16:19:59.709Z] [firestore.websocket] websocket server for firestore only supports listening on one address (127.0.0.1). Not listening on ::1
[debug] [2026-06-09T16:19:59.709Z] [storage] Storage Emulator only supports listening on one address (127.0.0.1). Not listening on ::1
[debug] [2026-06-09T16:19:59.710Z] assigned listening specs for emulators {"user":{"hub":[{"address":"127.0.0.1","family":"IPv4","port":4400},{"address":"::1","family":"IPv6","port":4400}],"ui":[{"address":"127.0.0.1","family":"IPv4","port":4000},{"address":"::1","family":"IPv6","port":4000}],"logging":[{"address":"127.0.0.1","family":"IPv4","port":4500}],"auth":[{"address":"127.0.0.1","family":"IPv4","port":9099}],"firestore":[{"address":"127.0.0.1","family":"IPv4","port":8080}],"firestore.websocket":[{"address":"127.0.0.1","family":"IPv4","port":9150}],"storage":[{"address":"127.0.0.1","family":"IPv4","port":9199}]},"metadata":{"message":"assigned listening specs for emulators"}}
[debug] [2026-06-09T16:19:59.713Z] Write emulator hub locator at C:\Users\hp\AppData\Local\Temp\hub-quicklime-83fd3.json
[debug] [2026-06-09T16:19:59.719Z] [Extensions] Started Extensions emulator, this is a noop.
[debug] [2026-06-09T16:19:59.724Z] [functions] Functions Emulator only supports listening on one address (127.0.0.1). Not listening on ::1
[debug] [2026-06-09T16:19:59.724Z] [eventarc] Eventarc Emulator only supports listening on one address (127.0.0.1). Not listening on ::1
[debug] [2026-06-09T16:19:59.724Z] [tasks] Cloud Tasks Emulator only supports listening on one address (127.0.0.1). Not listening on ::1
[debug] [2026-06-09T16:19:59.724Z] late-assigned ports for functions and eventarc emulators {"user":{"hub":[{"address":"127.0.0.1","family":"IPv4","port":4400},{"address":"::1","family":"IPv6","port":4400}],"ui":[{"address":"127.0.0.1","family":"IPv4","port":4000},{"address":"::1","family":"IPv6","port":4000}],"logging":[{"address":"127.0.0.1","family":"IPv4","port":4500}],"auth":[{"address":"127.0.0.1","family":"IPv4","port":9099}],"firestore":[{"address":"127.0.0.1","family":"IPv4","port":8080}],"firestore.websocket":[{"address":"127.0.0.1","family":"IPv4","port":9150}],"storage":[{"address":"127.0.0.1","family":"IPv4","port":9199}],"functions":[{"address":"127.0.0.1","family":"IPv4","port":5001}],"eventarc":[{"address":"127.0.0.1","family":"IPv4","port":9299}],"tasks":[{"address":"127.0.0.1","family":"IPv4","port":9499}]},"metadata":{"message":"late-assigned ports for functions and eventarc emulators"}}
[warn] !  functions: The following emulators are not running, calls to these services from the Functions emulator will affect production: apphosting, database, hosting, pubsub, dataconnect {"metadata":{"emulator":{"name":"functions"},"message":"The following emulators are not running, calls to these services from the Functions emulator will affect production: \u001b[1mapphosting, database, hosting, pubsub, dataconnect\u001b[22m"}}
[debug] [2026-06-09T16:19:59.726Z] No OAuth tokens found
[debug] [2026-06-09T16:19:59.726Z] No OAuth tokens found
[debug] [2026-06-09T16:19:59.726Z] > command requires scopes: ["email","openid","https://www.googleapis.com/auth/cloudplatformprojects.readonly","https://www.googleapis.com/auth/firebase","https://www.googleapis.com/auth/cloud-platform"]
[debug] [2026-06-09T16:19:59.726Z] Failed to get Admin SDK config for quicklime-83fd3, falling back to cache Failed to get Admin SDK for Firebase project quicklime-83fd3. Please make sure the project exists and your account has permission to access it. {"name":"FirebaseError","children":[],"exit":2,"message":"Failed to get Admin SDK for Firebase project quicklime-83fd3. Please make sure the project exists and your account has permission to access it.","original":{"name":"FirebaseError","children":[],"exit":1,"message":"Failed to authenticate, have you run \u001b[1mfirebase login\u001b[22m?","original":{},"status":500},"status":500}
[warn] !  functions: Unable to fetch project Admin SDK configuration, Admin SDK behavior in Cloud Functions emulator may be incorrect. {"metadata":{"emulator":{"name":"functions"},"message":"Unable to fetch project Admin SDK configuration, Admin SDK behavior in Cloud Functions emulator may be incorrect."}}
[info] i  firestore: downloading cloud-firestore-emulator-v1.21.0.jar... {"metadata":{"emulator":{"name":"firestore"},"message":"downloading cloud-firestore-emulator-v1.21.0.jar..."}}
[debug] [2026-06-09T16:19:59.741Z] >>> [apiv2][query] GET https://storage.googleapis.com/firebase-preview-drop/emulator/cloud-firestore-emulator-v1.21.0.jar 
[debug] [2026-06-09T16:20:00.265Z] <<< [apiv2][status] GET https://storage.googleapis.com/firebase-preview-drop/emulator/cloud-firestore-emulator-v1.21.0.jar 200
[debug] [2026-06-09T16:20:00.266Z] <<< [apiv2][body] GET https://storage.googleapis.com/firebase-preview-drop/emulator/cloud-firestore-emulator-v1.21.0.jar [stream]
[debug] [2026-06-09T16:20:00.329Z] <<< [apiv2][status] GET https://firebase-public.firebaseio.com/cli.json 200
[debug] [2026-06-09T16:20:00.329Z] <<< [apiv2][body] GET https://firebase-public.firebaseio.com/cli.json {"cloudBuildErrorAfter":1594252800000,"cloudBuildWarnAfter":1590019200000,"defaultNode10After":1594252800000,"minVersion":"3.0.5","node8DeploysDisabledAfter":1613390400000,"node8RuntimeDisabledAfter":1615809600000,"node8WarnAfter":1600128000000}
[debug] [2026-06-09T16:20:58.278Z] Ignoring unsupported arg: auto_download {"metadata":{"emulator":{"name":"firestore"},"message":"Ignoring unsupported arg: auto_download"}}
[debug] [2026-06-09T16:20:58.278Z] Ignoring unsupported arg: single_project_mode_error {"metadata":{"emulator":{"name":"firestore"},"message":"Ignoring unsupported arg: single_project_mode_error"}}
[debug] [2026-06-09T16:20:58.278Z] Starting Firestore Emulator with command {"binary":"java","args":["-Dgoogle.cloud_firestore.debug_log_level=FINE","-Duser.language=en","-jar","C:\\Users\\hp\\.cache\\firebase\\emulators\\cloud-firestore-emulator-v1.21.0.jar","--host","127.0.0.1","--port",8080,"--websocket_port",9150,"--database-edition","standard","--project_id","quicklime-83fd3","--rules","D:\\projects\\quicklime\\firestore.rules","--single_project_mode",true,"--functions_emulator","127.0.0.1:5001"],"optionalArgs":["port","webchannel_port","host","rules","websocket_port","database-edition","functions_emulator","seed_from_export","project_id","single_project_mode"],"joinArgs":false,"shell":false,"port":8080} {"metadata":{"emulator":{"name":"firestore"},"message":"Starting Firestore Emulator with command {\"binary\":\"java\",\"args\":[\"-Dgoogle.cloud_firestore.debug_log_level=FINE\",\"-Duser.language=en\",\"-jar\",\"C:\\\\Users\\\\hp\\\\.cache\\\\firebase\\\\emulators\\\\cloud-firestore-emulator-v1.21.0.jar\",\"--host\",\"127.0.0.1\",\"--port\",8080,\"--websocket_port\",9150,\"--database-edition\",\"standard\",\"--project_id\",\"quicklime-83fd3\",\"--rules\",\"D:\\\\projects\\\\quicklime\\\\firestore.rules\",\"--single_project_mode\",true,\"--functions_emulator\",\"127.0.0.1:5001\"],\"optionalArgs\":[\"port\",\"webchannel_port\",\"host\",\"rules\",\"websocket_port\",\"database-edition\",\"functions_emulator\",\"seed_from_export\",\"project_id\",\"single_project_mode\"],\"joinArgs\":false,\"shell\":false,\"port\":8080}"}}
[info] i  firestore: Firestore Emulator logging to firestore-debug.log {"metadata":{"emulator":{"name":"firestore"},"message":"Firestore Emulator logging to \u001b[1mfirestore-debug.log\u001b[22m"}}
[debug] [2026-06-09T16:20:59.784Z] Jun 09, 2026 10:20:59 PM com.google.cloud.datastore.emulator.firestore.websocket.WebSocketServer start
INFO: Started WebSocket server on ws://127.0.0.1:9150
 {"metadata":{"emulator":{"name":"firestore"},"message":"Jun 09, 2026 10:20:59 PM com.google.cloud.datastore.emulator.firestore.websocket.WebSocketServer start\r\nINFO: Started WebSocket server on ws://127.0.0.1:9150\r\n"}}
[debug] [2026-06-09T16:20:59.846Z] 
API endpoint: http://127.0.0.1:8080 {"metadata":{"emulator":{"name":"firestore"},"message":"\nAPI endpoint: http://127.0.0.1:8080"}}
[debug] [2026-06-09T16:20:59.846Z] 
Database Edition: STANDARD
Database Mode: CLOUD_FIRESTORE

If you are using a library that supports the FIRESTORE_EMULATOR_HOST environment variable, run:

   export FIRESTORE_EMULATOR_HOST=127.0.0.1:8080

If you are running a Firestore in Datastore Mode project, run:

   export DATASTORE_EMULATOR_HOST=127.0.0.1:8080

Note: Support for Datastore Mode is in preview. If you encounter any bugs please file at https://github.com/firebase/firebase-tools/issues.
Dev App Server is now running.

 {"metadata":{"emulator":{"name":"firestore"},"message":"\nDatabase Edition: STANDARD\nDatabase Mode: CLOUD_FIRESTORE\n\nIf you are using a library that supports the FIRESTORE_EMULATOR_HOST environment variable, run:\r\n\n   export FIRESTORE_EMULATOR_HOST=127.0.0.1:8080\n\nIf you are running a Firestore in Datastore Mode project, run:\r\n\n   export DATASTORE_EMULATOR_HOST=127.0.0.1:8080\n\nNote: Support for Datastore Mode is in preview. If you encounter any bugs please file at https://github.com/firebase/firebase-tools/issues.\r\nDev App Server is now running.\n\r\n"}}
[info] +  firestore: Firestore Emulator was started in standard edition. {"metadata":{"emulator":{"name":"firestore"},"message":"Firestore Emulator was started in standard edition."}}
[info] +  firestore: Firestore Emulator UI websocket is running on 9150. {"metadata":{"emulator":{"name":"firestore"},"message":"Firestore Emulator UI websocket is running on 9150."}}
[info] i  storage: downloading cloud-storage-rules-runtime-v1.1.3.jar... {"metadata":{"emulator":{"name":"storage"},"message":"downloading cloud-storage-rules-runtime-v1.1.3.jar..."}}
[debug] [2026-06-09T16:21:06.228Z] >>> [apiv2][query] GET https://storage.googleapis.com/firebase-preview-drop/emulator/cloud-storage-rules-runtime-v1.1.3.jar 
[debug] [2026-06-09T16:21:06.707Z] <<< [apiv2][status] GET https://storage.googleapis.com/firebase-preview-drop/emulator/cloud-storage-rules-runtime-v1.1.3.jar 200
[debug] [2026-06-09T16:21:06.707Z] <<< [apiv2][body] GET https://storage.googleapis.com/firebase-preview-drop/emulator/cloud-storage-rules-runtime-v1.1.3.jar [stream]
[debug] [2026-06-09T16:21:23.307Z] Ignoring unsupported arg: port {"metadata":{"emulator":{"name":"storage"},"message":"Ignoring unsupported arg: port"}}
[debug] [2026-06-09T16:21:24.235Z] Temp file directory for storage emulator: C:\Users\hp\AppData\Local\Temp/firebase/storage/blobs {"metadata":{"emulator":{"name":"storage"},"message":"Temp file directory for storage emulator: C:\\Users\\hp\\AppData\\Local\\Temp/firebase/storage/blobs"}}
[info] i  ui: downloading ui-v1.15.0.zip... {"metadata":{"emulator":{"name":"ui"},"message":"downloading ui-v1.15.0.zip..."}}
[debug] [2026-06-09T16:21:24.252Z] >>> [apiv2][query] GET https://storage.googleapis.com/firebase-preview-drop/emulator/ui-v1.15.0.zip 
[debug] [2026-06-09T16:21:24.321Z] <<< [apiv2][status] GET https://storage.googleapis.com/firebase-preview-drop/emulator/ui-v1.15.0.zip 200
[debug] [2026-06-09T16:21:24.321Z] <<< [apiv2][body] GET https://storage.googleapis.com/firebase-preview-drop/emulator/ui-v1.15.0.zip [stream]
[debug] [2026-06-09T16:21:25.296Z] Data is 3538469
[debug] [2026-06-09T16:21:25.296Z] [unzip] Entry: client/ (compressed_size=0 bytes, uncompressed_size=0 bytes)
[debug] [2026-06-09T16:21:25.297Z] [unzip] Processing entry: client\
[debug] [2026-06-09T16:21:25.297Z] [unzip] mkdir: C:\Users\hp\.cache\firebase\emulators\ui-v1.15.0\client\
[debug] [2026-06-09T16:21:25.299Z] [unzip] Entry: client/favicon-16x16.png (compressed_size=293 bytes, uncompressed_size=293 bytes)
[debug] [2026-06-09T16:21:25.299Z] [unzip] Processing entry: client\favicon-16x16.png
[debug] [2026-06-09T16:21:25.299Z] [unzip] else mkdir: C:\Users\hp\.cache\firebase\emulators\ui-v1.15.0\client
[debug] [2026-06-09T16:21:25.301Z] [unzip] Writing file: C:\Users\hp\.cache\firebase\emulators\ui-v1.15.0\client\favicon-16x16.png
[debug] [2026-06-09T16:21:25.304Z] [unzip] Entry: client/safari-pinned-tab.svg (compressed_size=1433 bytes, uncompressed_size=2611 bytes)
[debug] [2026-06-09T16:21:25.304Z] [unzip] Processing entry: client\safari-pinned-tab.svg
[debug] [2026-06-09T16:21:25.304Z] [unzip] else mkdir: C:\Users\hp\.cache\firebase\emulators\ui-v1.15.0\client
[debug] [2026-06-09T16:21:25.305Z] [unzip] deflating: C:\Users\hp\.cache\firebase\emulators\ui-v1.15.0\client\safari-pinned-tab.svg
[debug] [2026-06-09T16:21:25.310Z] [unzip] Entry: client/favicon.ico (compressed_size=2933 bytes, uncompressed_size=13294 bytes)
[debug] [2026-06-09T16:21:25.310Z] [unzip] Processing entry: client\favicon.ico
[debug] [2026-06-09T16:21:25.310Z] [unzip] else mkdir: C:\Users\hp\.cache\firebase\emulators\ui-v1.15.0\client
[debug] [2026-06-09T16:21:25.311Z] [unzip] deflating: C:\Users\hp\.cache\firebase\emulators\ui-v1.15.0\client\favicon.ico
[debug] [2026-06-09T16:21:25.313Z] [unzip] Entry: client/index.html (compressed_size=1364 bytes, uncompressed_size=3071 bytes)
[debug] [2026-06-09T16:21:25.314Z] [unzip] Processing entry: client\index.html
[debug] [2026-06-09T16:21:25.314Z] [unzip] else mkdir: C:\Users\hp\.cache\firebase\emulators\ui-v1.15.0\client
[debug] [2026-06-09T16:21:25.314Z] [unzip] deflating: C:\Users\hp\.cache\firebase\emulators\ui-v1.15.0\client\index.html
[debug] [2026-06-09T16:21:25.317Z] [unzip] Entry: client/android-chrome-192x192.png (compressed_size=2684 bytes, uncompressed_size=2684 bytes)
[debug] [2026-06-09T16:21:25.317Z] [unzip] Processing entry: client\android-chrome-192x192.png
[debug] [2026-06-09T16:21:25.317Z] [unzip] else mkdir: C:\Users\hp\.cache\firebase\emulators\ui-v1.15.0\client
[debug] [2026-06-09T16:21:25.318Z] [unzip] Writing file: C:\Users\hp\.cache\firebase\emulators\ui-v1.15.0\client\android-chrome-192x192.png
[debug] [2026-06-09T16:21:25.321Z] [unzip] Entry: client/apple-touch-icon.png (compressed_size=2123 bytes, uncompressed_size=2152 bytes)
[debug] [2026-06-09T16:21:25.322Z] [unzip] Processing entry: client\apple-touch-icon.png
[debug] [2026-06-09T16:21:25.322Z] [unzip] else mkdir: C:\Users\hp\.cache\firebase\emulators\ui-v1.15.0\client
[debug] [2026-06-09T16:21:25.322Z] [unzip] deflating: C:\Users\hp\.cache\firebase\emulators\ui-v1.15.0\client\apple-touch-icon.png
[debug] [2026-06-09T16:21:25.324Z] [unzip] Entry: client/android-chrome-512x512.png (compressed_size=5369 bytes, uncompressed_size=5411 bytes)
[debug] [2026-06-09T16:21:25.324Z] [unzip] Processing entry: client\android-chrome-512x512.png
[debug] [2026-06-09T16:21:25.325Z] [unzip] else mkdir: C:\Users\hp\.cache\firebase\emulators\ui-v1.15.0\client
[debug] [2026-06-09T16:21:25.325Z] [unzip] deflating: C:\Users\hp\.cache\firebase\emulators\ui-v1.15.0\client\android-chrome-512x512.png
[debug] [2026-06-09T16:21:25.332Z] [unzip] Entry: client/manifest.json (compressed_size=245 bytes, uncompressed_size=551 bytes)
[debug] [2026-06-09T16:21:25.333Z] [unzip] Processing entry: client\manifest.json
[debug] [2026-06-09T16:21:25.333Z] [unzip] else mkdir: C:\Users\hp\.cache\firebase\emulators\ui-v1.15.0\client
[debug] [2026-06-09T16:21:25.334Z] [unzip] deflating: C:\Users\hp\.cache\firebase\emulators\ui-v1.15.0\client\manifest.json
[debug] [2026-06-09T16:21:25.339Z] [unzip] Entry: client/robots.txt (compressed_size=26 bytes, uncompressed_size=26 bytes)
[debug] [2026-06-09T16:21:25.340Z] [unzip] Processing entry: client\robots.txt
[debug] [2026-06-09T16:21:25.340Z] [unzip] else mkdir: C:\Users\hp\.cache\firebase\emulators\ui-v1.15.0\client
[debug] [2026-06-09T16:21:25.341Z] [unzip] Writing file: C:\Users\hp\.cache\firebase\emulators\ui-v1.15.0\client\robots.txt
[debug] [2026-06-09T16:21:25.342Z] [unzip] Entry: client/mstile-150x150.png (compressed_size=2034 bytes, uncompressed_size=2034 bytes)
[debug] [2026-06-09T16:21:25.342Z] [unzip] Processing entry: client\mstile-150x150.png
[debug] [2026-06-09T16:21:25.342Z] [unzip] else mkdir: C:\Users\hp\.cache\firebase\emulators\ui-v1.15.0\client
[debug] [2026-06-09T16:21:25.343Z] [unzip] Writing file: C:\Users\hp\.cache\firebase\emulators\ui-v1.15.0\client\mstile-150x150.png
[debug] [2026-06-09T16:21:25.343Z] [unzip] Entry: client/assets/ (compressed_size=0 bytes, uncompressed_size=0 bytes)
[debug] [2026-06-09T16:21:25.344Z] [unzip] Processing entry: client\assets\
[debug] [2026-06-09T16:21:25.344Z] [unzip] mkdir: C:\Users\hp\.cache\firebase\emulators\ui-v1.15.0\client\assets\
[debug] [2026-06-09T16:21:25.344Z] [unzip] Entry: client/assets/index-BX-A56oj.js (compressed_size=582089 bytes, uncompressed_size=2092775 bytes)
[debug] [2026-06-09T16:21:25.344Z] [unzip] Processing entry: client\assets\index-BX-A56oj.js
[debug] [2026-06-09T16:21:25.344Z] [unzip] else mkdir: C:\Users\hp\.cache\firebase\emulators\ui-v1.15.0\client\assets
[debug] [2026-06-09T16:21:25.345Z] [unzip] deflating: C:\Users\hp\.cache\firebase\emulators\ui-v1.15.0\client\assets\index-BX-A56oj.js
[debug] [2026-06-09T16:21:25.361Z] [unzip] Entry: client/assets/index-CjB9C900.css (compressed_size=35979 bytes, uncompressed_size=298654 bytes)
[debug] [2026-06-09T16:21:25.361Z] [unzip] Processing entry: client\assets\index-CjB9C900.css
[debug] [2026-06-09T16:21:25.361Z] [unzip] else mkdir: C:\Users\hp\.cache\firebase\emulators\ui-v1.15.0\client\assets
[debug] [2026-06-09T16:21:25.361Z] [unzip] deflating: C:\Users\hp\.cache\firebase\emulators\ui-v1.15.0\client\assets\index-CjB9C900.css
[debug] [2026-06-09T16:21:25.364Z] [unzip] Entry: client/assets/index-BX-A56oj.js.map (compressed_size=2362482 bytes, uncompressed_size=10036679 bytes)
[debug] [2026-06-09T16:21:25.365Z] [unzip] Processing entry: client\assets\index-BX-A56oj.js.map
[debug] [2026-06-09T16:21:25.365Z] [unzip] else mkdir: C:\Users\hp\.cache\firebase\emulators\ui-v1.15.0\client\assets
[debug] [2026-06-09T16:21:25.365Z] [unzip] deflating: C:\Users\hp\.cache\firebase\emulators\ui-v1.15.0\client\assets\index-BX-A56oj.js.map
[debug] [2026-06-09T16:21:25.428Z] [unzip] Entry: client/assets/extensions/ (compressed_size=0 bytes, uncompressed_size=0 bytes)
[debug] [2026-06-09T16:21:25.429Z] [unzip] Processing entry: client\assets\extensions\
[debug] [2026-06-09T16:21:25.429Z] [unzip] mkdir: C:\Users\hp\.cache\firebase\emulators\ui-v1.15.0\client\assets\extensions\
[debug] [2026-06-09T16:21:25.430Z] [unzip] Entry: client/assets/extensions/default-extension.png (compressed_size=1646 bytes, uncompressed_size=1657 bytes)
[debug] [2026-06-09T16:21:25.430Z] [unzip] Processing entry: client\assets\extensions\default-extension.png
[debug] [2026-06-09T16:21:25.430Z] [unzip] else mkdir: C:\Users\hp\.cache\firebase\emulators\ui-v1.15.0\client\assets\extensions
[debug] [2026-06-09T16:21:25.430Z] [unzip] deflating: C:\Users\hp\.cache\firebase\emulators\ui-v1.15.0\client\assets\extensions\default-extension.png
[debug] [2026-06-09T16:21:25.432Z] [unzip] Entry: client/assets/img/ (compressed_size=0 bytes, uncompressed_size=0 bytes)
[debug] [2026-06-09T16:21:25.432Z] [unzip] Processing entry: client\assets\img\
[debug] [2026-06-09T16:21:25.432Z] [unzip] mkdir: C:\Users\hp\.cache\firebase\emulators\ui-v1.15.0\client\assets\img\
[debug] [2026-06-09T16:21:25.433Z] [unzip] Entry: client/assets/img/database.png (compressed_size=29449 bytes, uncompressed_size=29988 bytes)
[debug] [2026-06-09T16:21:25.433Z] [unzip] Processing entry: client\assets\img\database.png
[debug] [2026-06-09T16:21:25.433Z] [unzip] else mkdir: C:\Users\hp\.cache\firebase\emulators\ui-v1.15.0\client\assets\img
[debug] [2026-06-09T16:21:25.433Z] [unzip] deflating: C:\Users\hp\.cache\firebase\emulators\ui-v1.15.0\client\assets\img\database.png
[debug] [2026-06-09T16:21:25.435Z] [unzip] Entry: client/assets/provider-icons/ (compressed_size=0 bytes, uncompressed_size=0 bytes)
[debug] [2026-06-09T16:21:25.435Z] [unzip] Processing entry: client\assets\provider-icons\
[debug] [2026-06-09T16:21:25.435Z] [unzip] mkdir: C:\Users\hp\.cache\firebase\emulators\ui-v1.15.0\client\assets\provider-icons\
[debug] [2026-06-09T16:21:25.436Z] [unzip] Entry: client/assets/provider-icons/auth_service_saml.svg (compressed_size=575 bytes, uncompressed_size=1226 bytes)
[debug] [2026-06-09T16:21:25.436Z] [unzip] Processing entry: client\assets\provider-icons\auth_service_saml.svg
[debug] [2026-06-09T16:21:25.436Z] [unzip] else mkdir: C:\Users\hp\.cache\firebase\emulators\ui-v1.15.0\client\assets\provider-icons
[debug] [2026-06-09T16:21:25.437Z] [unzip] deflating: C:\Users\hp\.cache\firebase\emulators\ui-v1.15.0\client\assets\provider-icons\auth_service_saml.svg
[debug] [2026-06-09T16:21:25.438Z] [unzip] Entry: client/assets/provider-icons/auth_service_phone.svg (compressed_size=261 bytes, uncompressed_size=414 bytes)
[debug] [2026-06-09T16:21:25.438Z] [unzip] Processing entry: client\assets\provider-icons\auth_service_phone.svg
[debug] [2026-06-09T16:21:25.438Z] [unzip] else mkdir: C:\Users\hp\.cache\firebase\emulators\ui-v1.15.0\client\assets\provider-icons
[debug] [2026-06-09T16:21:25.439Z] [unzip] deflating: C:\Users\hp\.cache\firebase\emulators\ui-v1.15.0\client\assets\provider-icons\auth_service_phone.svg
[debug] [2026-06-09T16:21:25.440Z] [unzip] Entry: client/assets/provider-icons/auth_service_facebook.svg (compressed_size=289 bytes, uncompressed_size=457 bytes)
[debug] [2026-06-09T16:21:25.440Z] [unzip] Processing entry: client\assets\provider-icons\auth_service_facebook.svg
[debug] [2026-06-09T16:21:25.440Z] [unzip] else mkdir: C:\Users\hp\.cache\firebase\emulators\ui-v1.15.0\client\assets\provider-icons
[debug] [2026-06-09T16:21:25.440Z] [unzip] deflating: C:\Users\hp\.cache\firebase\emulators\ui-v1.15.0\client\assets\provider-icons\auth_service_facebook.svg
[debug] [2026-06-09T16:21:25.442Z] [unzip] Entry: client/assets/provider-icons/auth_service_game_center.svg (compressed_size=991 bytes, uncompressed_size=3921 bytes)
[debug] [2026-06-09T16:21:25.442Z] [unzip] Processing entry: client\assets\provider-icons\auth_service_game_center.svg
[debug] [2026-06-09T16:21:25.442Z] [unzip] else mkdir: C:\Users\hp\.cache\firebase\emulators\ui-v1.15.0\client\assets\provider-icons
[debug] [2026-06-09T16:21:25.443Z] [unzip] deflating: C:\Users\hp\.cache\firebase\emulators\ui-v1.15.0\client\assets\provider-icons\auth_service_game_center.svg
[debug] [2026-06-09T16:21:25.444Z] [unzip] Entry: client/assets/provider-icons/auth_service_apple.svg (compressed_size=230 bytes, uncompressed_size=334 bytes)
[debug] [2026-06-09T16:21:25.444Z] [unzip] Processing entry: client\assets\provider-icons\auth_service_apple.svg
[debug] [2026-06-09T16:21:25.444Z] [unzip] else mkdir: C:\Users\hp\.cache\firebase\emulators\ui-v1.15.0\client\assets\provider-icons
[debug] [2026-06-09T16:21:25.445Z] [unzip] deflating: C:\Users\hp\.cache\firebase\emulators\ui-v1.15.0\client\assets\provider-icons\auth_service_apple.svg
[debug] [2026-06-09T16:21:25.446Z] [unzip] Entry: client/assets/provider-icons/auth_service_github.svg (compressed_size=466 bytes, uncompressed_size=838 bytes)
[debug] [2026-06-09T16:21:25.446Z] [unzip] Processing entry: client\assets\provider-icons\auth_service_github.svg
[debug] [2026-06-09T16:21:25.446Z] [unzip] else mkdir: C:\Users\hp\.cache\firebase\emulators\ui-v1.15.0\client\assets\provider-icons
[debug] [2026-06-09T16:21:25.446Z] [unzip] deflating: C:\Users\hp\.cache\firebase\emulators\ui-v1.15.0\client\assets\provider-icons\auth_service_github.svg
[debug] [2026-06-09T16:21:25.448Z] [unzip] Entry: client/assets/provider-icons/auth_service_mslive.svg (compressed_size=203 bytes, uncompressed_size=378 bytes)
[debug] [2026-06-09T16:21:25.448Z] [unzip] Processing entry: client\assets\provider-icons\auth_service_mslive.svg
[debug] [2026-06-09T16:21:25.448Z] [unzip] else mkdir: C:\Users\hp\.cache\firebase\emulators\ui-v1.15.0\client\assets\provider-icons
[debug] [2026-06-09T16:21:25.448Z] [unzip] deflating: C:\Users\hp\.cache\firebase\emulators\ui-v1.15.0\client\assets\provider-icons\auth_service_mslive.svg
[debug] [2026-06-09T16:21:25.450Z] [unzip] Entry: client/assets/provider-icons/auth_service_yahoo.svg (compressed_size=577 bytes, uncompressed_size=1182 bytes)
[debug] [2026-06-09T16:21:25.450Z] [unzip] Processing entry: client\assets\provider-icons\auth_service_yahoo.svg
[debug] [2026-06-09T16:21:25.450Z] [unzip] else mkdir: C:\Users\hp\.cache\firebase\emulators\ui-v1.15.0\client\assets\provider-icons
[debug] [2026-06-09T16:21:25.450Z] [unzip] deflating: C:\Users\hp\.cache\firebase\emulators\ui-v1.15.0\client\assets\provider-icons\auth_service_yahoo.svg
[debug] [2026-06-09T16:21:25.452Z] [unzip] Entry: client/assets/provider-icons/auth_service_twitter.svg (compressed_size=444 bytes, uncompressed_size=751 bytes)
[debug] [2026-06-09T16:21:25.452Z] [unzip] Processing entry: client\assets\provider-icons\auth_service_twitter.svg
[debug] [2026-06-09T16:21:25.452Z] [unzip] else mkdir: C:\Users\hp\.cache\firebase\emulators\ui-v1.15.0\client\assets\provider-icons
[debug] [2026-06-09T16:21:25.452Z] [unzip] deflating: C:\Users\hp\.cache\firebase\emulators\ui-v1.15.0\client\assets\provider-icons\auth_service_twitter.svg
[debug] [2026-06-09T16:21:25.454Z] [unzip] Entry: client/assets/provider-icons/auth_service_play_games.svg (compressed_size=565 bytes, uncompressed_size=1173 bytes)
[debug] [2026-06-09T16:21:25.454Z] [unzip] Processing entry: client\assets\provider-icons\auth_service_play_games.svg
[debug] [2026-06-09T16:21:25.454Z] [unzip] else mkdir: C:\Users\hp\.cache\firebase\emulators\ui-v1.15.0\client\assets\provider-icons
[debug] [2026-06-09T16:21:25.455Z] [unzip] deflating: C:\Users\hp\.cache\firebase\emulators\ui-v1.15.0\client\assets\provider-icons\auth_service_play_games.svg
[debug] [2026-06-09T16:21:25.457Z] [unzip] Entry: client/assets/provider-icons/auth_service_email.svg (compressed_size=228 bytes, uncompressed_size=326 bytes)
[debug] [2026-06-09T16:21:25.457Z] [unzip] Processing entry: client\assets\provider-icons\auth_service_email.svg
[debug] [2026-06-09T16:21:25.457Z] [unzip] else mkdir: C:\Users\hp\.cache\firebase\emulators\ui-v1.15.0\client\assets\provider-icons
[debug] [2026-06-09T16:21:25.458Z] [unzip] deflating: C:\Users\hp\.cache\firebase\emulators\ui-v1.15.0\client\assets\provider-icons\auth_service_email.svg
[debug] [2026-06-09T16:21:25.459Z] [unzip] Entry: client/assets/provider-icons/auth_service_google.svg (compressed_size=409 bytes, uncompressed_size=720 bytes)
[debug] [2026-06-09T16:21:25.459Z] [unzip] Processing entry: client\assets\provider-icons\auth_service_google.svg
[debug] [2026-06-09T16:21:25.460Z] [unzip] else mkdir: C:\Users\hp\.cache\firebase\emulators\ui-v1.15.0\client\assets\provider-icons
[debug] [2026-06-09T16:21:25.460Z] [unzip] deflating: C:\Users\hp\.cache\firebase\emulators\ui-v1.15.0\client\assets\provider-icons\auth_service_google.svg
[debug] [2026-06-09T16:21:25.462Z] [unzip] Entry: client/assets/provider-icons/auth_service_oidc.svg (compressed_size=414 bytes, uncompressed_size=858 bytes)
[debug] [2026-06-09T16:21:25.462Z] [unzip] Processing entry: client\assets\provider-icons\auth_service_oidc.svg
[debug] [2026-06-09T16:21:25.462Z] [unzip] else mkdir: C:\Users\hp\.cache\firebase\emulators\ui-v1.15.0\client\assets\provider-icons
[debug] [2026-06-09T16:21:25.462Z] [unzip] deflating: C:\Users\hp\.cache\firebase\emulators\ui-v1.15.0\client\assets\provider-icons\auth_service_oidc.svg
[debug] [2026-06-09T16:21:25.464Z] [unzip] Entry: client/browserconfig.xml (compressed_size=491 bytes, uncompressed_size=822 bytes)
[debug] [2026-06-09T16:21:25.464Z] [unzip] Processing entry: client\browserconfig.xml
[debug] [2026-06-09T16:21:25.464Z] [unzip] else mkdir: C:\Users\hp\.cache\firebase\emulators\ui-v1.15.0\client
[debug] [2026-06-09T16:21:25.465Z] [unzip] deflating: C:\Users\hp\.cache\firebase\emulators\ui-v1.15.0\client\browserconfig.xml
[debug] [2026-06-09T16:21:25.466Z] [unzip] Entry: client/favicon-32x32.png (compressed_size=475 bytes, uncompressed_size=475 bytes)
[debug] [2026-06-09T16:21:25.466Z] [unzip] Processing entry: client\favicon-32x32.png
[debug] [2026-06-09T16:21:25.466Z] [unzip] else mkdir: C:\Users\hp\.cache\firebase\emulators\ui-v1.15.0\client
[debug] [2026-06-09T16:21:25.467Z] [unzip] Writing file: C:\Users\hp\.cache\firebase\emulators\ui-v1.15.0\client\favicon-32x32.png
[debug] [2026-06-09T16:21:25.468Z] [unzip] Entry: server/ (compressed_size=0 bytes, uncompressed_size=0 bytes)
[debug] [2026-06-09T16:21:25.468Z] [unzip] Processing entry: server\
[debug] [2026-06-09T16:21:25.468Z] [unzip] mkdir: C:\Users\hp\.cache\firebase\emulators\ui-v1.15.0\server\
[debug] [2026-06-09T16:21:25.469Z] [unzip] Entry: server/server.mjs.map (compressed_size=217845 bytes, uncompressed_size=944978 bytes)
[debug] [2026-06-09T16:21:25.469Z] [unzip] Processing entry: server\server.mjs.map
[debug] [2026-06-09T16:21:25.469Z] [unzip] else mkdir: C:\Users\hp\.cache\firebase\emulators\ui-v1.15.0\server
[debug] [2026-06-09T16:21:25.470Z] [unzip] deflating: C:\Users\hp\.cache\firebase\emulators\ui-v1.15.0\server\server.mjs.map
[debug] [2026-06-09T16:21:25.477Z] [unzip] Entry: server/server.mjs (compressed_size=276407 bytes, uncompressed_size=933701 bytes)
[debug] [2026-06-09T16:21:25.477Z] [unzip] Processing entry: server\server.mjs
[debug] [2026-06-09T16:21:25.477Z] [unzip] else mkdir: C:\Users\hp\.cache\firebase\emulators\ui-v1.15.0\server
[debug] [2026-06-09T16:21:25.478Z] [unzip] deflating: C:\Users\hp\.cache\firebase\emulators\ui-v1.15.0\server\server.mjs
[debug] [2026-06-09T16:21:25.490Z] [Extensions] Connecting Extensions emulator, this is a noop.
[info] i  functions: Watching "D:\projects\quicklime\functions" for Cloud Functions... {"metadata":{"emulator":{"name":"functions"},"message":"Watching \"D:\\projects\\quicklime\\functions\" for Cloud Functions..."}}
[debug] [2026-06-09T16:21:25.493Z] Validating nodejs source
[warn] !  functions: package.json indicates an outdated version of firebase-functions. Please upgrade using npm install --save firebase-functions@latest in your functions directory. 
[warn] !  functions: Please note that there will be breaking changes when you upgrade. 
[debug] [2026-06-09T16:21:27.283Z] > [functions] package.json contents: {
  "name": "functions",
  "scripts": {
    "build": "tsc",
    "build:watch": "tsc --watch",
    "serve": "npm run build && firebase emulators:start --only functions",
    "shell": "npm run build && firebase functions:shell",
    "start": "npm run shell",
    "deploy": "firebase deploy --only functions"
  },
  "engines": {
    "node": "20"
  },
  "main": "lib/index.js",
  "dependencies": {
    "firebase-admin": "^12.0.0",
    "firebase-functions": "^5.0.0"
  },
  "devDependencies": {
    "typescript": "^5.2.2"
  },
  "private": true
}
[debug] [2026-06-09T16:21:27.283Z] Building nodejs source
[debug] [2026-06-09T16:21:27.284Z] Failed to find version of module node: reached end of search path D:\projects\quicklime\functions\node_modules
[warn] !  functions: Your requested "node" version "20" doesn't match your global version "24". Using node@24 from host. 
[debug] [2026-06-09T16:21:27.287Z] Could not find functions.yaml. Must use http discovery
[debug] [2026-06-09T16:21:27.296Z] Found firebase-functions binary at 'D:\projects\quicklime\functions\node_modules\.bin\firebase-functions'
[info] Serving at port 8152

[error] !!  functions: Failed to load function definition from source: FirebaseError: User code failed to load. Cannot determine backend specification. Timeout after 10000. See https://firebase.google.com/docs/functions/tips#avoid_deployment_timeouts_during_initialization' {"metadata":{"emulator":{"name":"functions"},"message":"Failed to load function definition from source: FirebaseError: User code failed to load. Cannot determine backend specification. Timeout after 10000. See https://firebase.google.com/docs/functions/tips#avoid_deployment_timeouts_during_initialization'"}}
[debug] [2026-06-09T16:21:41.997Z] Could not find VSCode notification endpoint: FetchError: request to http://localhost:40001/vscode/notify failed, reason: . If you are not running the Firebase SQL Connect VSCode extension, this is expected and not an issue.
[info] 
┌─────────────────────────────────────────────────────────────┐
│ ✔  All emulators ready! It is now safe to connect your app. │
│ i  View Emulator UI at http://127.0.0.1:4000/               │
└─────────────────────────────────────────────────────────────┘

┌────────────────┬────────────────┬──────────────────────────────────┐
│ Emulator       │ Host:Port      │ View in Emulator UI              │
├────────────────┼────────────────┼──────────────────────────────────┤
│ Authentication │ 127.0.0.1:9099 │ http://127.0.0.1:4000/auth       │
├────────────────┼────────────────┼──────────────────────────────────┤
│ Functions      │ 127.0.0.1:5001 │ http://127.0.0.1:4000/functions  │
├────────────────┼────────────────┼──────────────────────────────────┤
│ Firestore      │ 127.0.0.1:8080 │ http://127.0.0.1:4000/firestore  │
├────────────────┼────────────────┼──────────────────────────────────┤
│ Storage        │ 127.0.0.1:9199 │ http://127.0.0.1:4000/storage    │
├────────────────┼────────────────┼──────────────────────────────────┤
│ Extensions     │ 127.0.0.1:5001 │ http://127.0.0.1:4000/extensions │
└────────────────┴────────────────┴──────────────────────────────────┘
  Emulator Hub host: 127.0.0.1 port: 4400
  Other reserved ports: 4500, 9150
┌─────────────────────────┬───────────────┬─────────────────────┐
│ Extension Instance Name │ Extension Ref │ View in Emulator UI │
└─────────────────────────┴───────────────┴─────────────────────┘
Issues? Report them at https://github.com/firebase/firebase-tools/issues and attach the *-debug.log files.
 
[debug] [2026-06-09T16:24:20.299Z] ----------------------------------------------------------------------
[debug] [2026-06-09T16:24:20.303Z] Command:       E:\nodejs\node.exe C:\Users\hp\AppData\Roaming\npm\node_modules\firebase-tools\lib\bin\firebase.js emulators:start
[debug] [2026-06-09T16:24:20.303Z] CLI Version:   15.19.1
[debug] [2026-06-09T16:24:20.303Z] Platform:      win32
[debug] [2026-06-09T16:24:20.304Z] Node Version:  v24.14.1
[debug] [2026-06-09T16:24:20.304Z] Time:          Tue Jun 09 2026 22:24:20 GMT+0600 (Bangladesh Standard Time)
[debug] [2026-06-09T16:24:20.304Z] ----------------------------------------------------------------------
[debug] 
[debug] [2026-06-09T16:24:21.495Z] > command requires scopes: ["email","openid","https://www.googleapis.com/auth/cloudplatformprojects.readonly","https://www.googleapis.com/auth/firebase","https://www.googleapis.com/auth/cloud-platform"]
[debug] Failed to authenticate, have you run firebase login?
[warn] !  emulators: You are not currently authenticated so some features may not work correctly. Please run firebase login to authenticate the CLI. 
[debug] [2026-06-09T16:24:21.614Z] openjdk version "21.0.11" 2026-04-21 LTS
OpenJDK Runtime Environment Microsoft-13877171 (build 21.0.11+10-LTS)

[debug] [2026-06-09T16:24:21.615Z] OpenJDK 64-Bit Server VM Microsoft-13877171 (build 21.0.11+10-LTS, mixed mode, sharing)

[debug] [2026-06-09T16:24:21.626Z] Parsed Java major version: 21
[info] i  emulators: Starting emulators: auth, functions, firestore, storage, extensions {"metadata":{"emulator":{"name":"hub"},"message":"Starting emulators: auth, functions, firestore, storage, extensions"}}
[debug] [2026-06-09T16:24:21.628Z] No OAuth tokens found
[debug] [2026-06-09T16:24:21.629Z] No OAuth tokens found
[debug] [2026-06-09T16:24:21.629Z] > command requires scopes: ["email","openid","https://www.googleapis.com/auth/cloudplatformprojects.readonly","https://www.googleapis.com/auth/firebase","https://www.googleapis.com/auth/cloud-platform"]
[debug] [2026-06-09T16:24:21.630Z] Unable to check that https://cloudresourcemanager.googleapis.com is enabled on quicklime-83fd3. Calls to it will fail if it is not enabled
[debug] [2026-06-09T16:24:21.630Z] No OAuth tokens found
[debug] [2026-06-09T16:24:21.630Z] No OAuth tokens found
[debug] [2026-06-09T16:24:21.630Z] > command requires scopes: ["email","openid","https://www.googleapis.com/auth/cloudplatformprojects.readonly","https://www.googleapis.com/auth/firebase","https://www.googleapis.com/auth/cloud-platform"]
[error] !!  extensions: Unable to look up project number for quicklime-83fd3.
 If this is a real project, ensure that you are logged in and have access to it.
 If this is a fake project, please use a project ID starting with 'demo-' to skip production calls.
 Continuing with a fake project number - secrets and other features that require production access may behave unexpectedly. {"metadata":{"emulator":{"name":"extensions"},"message":"Unable to look up project number for quicklime-83fd3.\n If this is a real project, ensure that you are logged in and have access to it.\n If this is a fake project, please use a project ID starting with 'demo-' to skip production calls.\n Continuing with a fake project number - secrets and other features that require production access may behave unexpectedly."}}
[debug] [2026-06-09T16:24:21.652Z] [logging] Logging Emulator only supports listening on one address (127.0.0.1). Not listening on ::1
[debug] [2026-06-09T16:24:21.652Z] [auth] Authentication Emulator only supports listening on one address (127.0.0.1). Not listening on ::1
[debug] [2026-06-09T16:24:21.652Z] [firestore] Firestore Emulator only supports listening on one address (127.0.0.1). Not listening on ::1
[debug] [2026-06-09T16:24:21.652Z] [firestore.websocket] websocket server for firestore only supports listening on one address (127.0.0.1). Not listening on ::1
[debug] [2026-06-09T16:24:21.652Z] [storage] Storage Emulator only supports listening on one address (127.0.0.1). Not listening on ::1
[debug] [2026-06-09T16:24:21.653Z] assigned listening specs for emulators {"user":{"hub":[{"address":"127.0.0.1","family":"IPv4","port":4400},{"address":"::1","family":"IPv6","port":4400}],"ui":[{"address":"127.0.0.1","family":"IPv4","port":4000},{"address":"::1","family":"IPv6","port":4000}],"logging":[{"address":"127.0.0.1","family":"IPv4","port":4500}],"auth":[{"address":"127.0.0.1","family":"IPv4","port":9099}],"firestore":[{"address":"127.0.0.1","family":"IPv4","port":8080}],"firestore.websocket":[{"address":"127.0.0.1","family":"IPv4","port":9150}],"storage":[{"address":"127.0.0.1","family":"IPv4","port":9199}]},"metadata":{"message":"assigned listening specs for emulators"}}
[debug] [2026-06-09T16:24:21.656Z] Found emulator hub locator: {"version":"15.19.1","origins":["http://127.0.0.1:4400","http://[::1]:4400"],"pid":4332}
[debug] [2026-06-09T16:24:21.657Z] Write emulator hub locator at C:\Users\hp\AppData\Local\Temp\hub-quicklime-83fd3.json
[debug] [2026-06-09T16:24:21.664Z] [Extensions] Started Extensions emulator, this is a noop.
[debug] [2026-06-09T16:24:21.670Z] [functions] Functions Emulator only supports listening on one address (127.0.0.1). Not listening on ::1
[debug] [2026-06-09T16:24:21.670Z] [eventarc] Eventarc Emulator only supports listening on one address (127.0.0.1). Not listening on ::1
[debug] [2026-06-09T16:24:21.670Z] [tasks] Cloud Tasks Emulator only supports listening on one address (127.0.0.1). Not listening on ::1
[debug] [2026-06-09T16:24:21.671Z] late-assigned ports for functions and eventarc emulators {"user":{"hub":[{"address":"127.0.0.1","family":"IPv4","port":4400},{"address":"::1","family":"IPv6","port":4400}],"ui":[{"address":"127.0.0.1","family":"IPv4","port":4000},{"address":"::1","family":"IPv6","port":4000}],"logging":[{"address":"127.0.0.1","family":"IPv4","port":4500}],"auth":[{"address":"127.0.0.1","family":"IPv4","port":9099}],"firestore":[{"address":"127.0.0.1","family":"IPv4","port":8080}],"firestore.websocket":[{"address":"127.0.0.1","family":"IPv4","port":9150}],"storage":[{"address":"127.0.0.1","family":"IPv4","port":9199}],"functions":[{"address":"127.0.0.1","family":"IPv4","port":5001}],"eventarc":[{"address":"127.0.0.1","family":"IPv4","port":9299}],"tasks":[{"address":"127.0.0.1","family":"IPv4","port":9499}]},"metadata":{"message":"late-assigned ports for functions and eventarc emulators"}}
[warn] !  functions: The following emulators are not running, calls to these services from the Functions emulator will affect production: apphosting, database, hosting, pubsub, dataconnect {"metadata":{"emulator":{"name":"functions"},"message":"The following emulators are not running, calls to these services from the Functions emulator will affect production: \u001b[1mapphosting, database, hosting, pubsub, dataconnect\u001b[22m"}}
[debug] [2026-06-09T16:24:21.672Z] No OAuth tokens found
[debug] [2026-06-09T16:24:21.673Z] No OAuth tokens found
[debug] [2026-06-09T16:24:21.673Z] > command requires scopes: ["email","openid","https://www.googleapis.com/auth/cloudplatformprojects.readonly","https://www.googleapis.com/auth/firebase","https://www.googleapis.com/auth/cloud-platform"]
[debug] [2026-06-09T16:24:21.673Z] Failed to get Admin SDK config for quicklime-83fd3, falling back to cache Failed to get Admin SDK for Firebase project quicklime-83fd3. Please make sure the project exists and your account has permission to access it. {"name":"FirebaseError","children":[],"exit":2,"message":"Failed to get Admin SDK for Firebase project quicklime-83fd3. Please make sure the project exists and your account has permission to access it.","original":{"name":"FirebaseError","children":[],"exit":1,"message":"Failed to authenticate, have you run \u001b[1mfirebase login\u001b[22m?","original":{},"status":500},"status":500}
[warn] !  functions: Unable to fetch project Admin SDK configuration, Admin SDK behavior in Cloud Functions emulator may be incorrect. {"metadata":{"emulator":{"name":"functions"},"message":"Unable to fetch project Admin SDK configuration, Admin SDK behavior in Cloud Functions emulator may be incorrect."}}
[debug] [2026-06-09T16:24:21.687Z] Ignoring unsupported arg: auto_download {"metadata":{"emulator":{"name":"firestore"},"message":"Ignoring unsupported arg: auto_download"}}
[debug] [2026-06-09T16:24:21.687Z] Ignoring unsupported arg: single_project_mode_error {"metadata":{"emulator":{"name":"firestore"},"message":"Ignoring unsupported arg: single_project_mode_error"}}
[debug] [2026-06-09T16:24:21.687Z] Starting Firestore Emulator with command {"binary":"java","args":["-Dgoogle.cloud_firestore.debug_log_level=FINE","-Duser.language=en","-jar","C:\\Users\\hp\\.cache\\firebase\\emulators\\cloud-firestore-emulator-v1.21.0.jar","--host","127.0.0.1","--port",8080,"--websocket_port",9150,"--database-edition","standard","--project_id","quicklime-83fd3","--rules","D:\\projects\\quicklime\\firestore.rules","--single_project_mode",true,"--functions_emulator","127.0.0.1:5001"],"optionalArgs":["port","webchannel_port","host","rules","websocket_port","database-edition","functions_emulator","seed_from_export","project_id","single_project_mode"],"joinArgs":false,"shell":false,"port":8080} {"metadata":{"emulator":{"name":"firestore"},"message":"Starting Firestore Emulator with command {\"binary\":\"java\",\"args\":[\"-Dgoogle.cloud_firestore.debug_log_level=FINE\",\"-Duser.language=en\",\"-jar\",\"C:\\\\Users\\\\hp\\\\.cache\\\\firebase\\\\emulators\\\\cloud-firestore-emulator-v1.21.0.jar\",\"--host\",\"127.0.0.1\",\"--port\",8080,\"--websocket_port\",9150,\"--database-edition\",\"standard\",\"--project_id\",\"quicklime-83fd3\",\"--rules\",\"D:\\\\projects\\\\quicklime\\\\firestore.rules\",\"--single_project_mode\",true,\"--functions_emulator\",\"127.0.0.1:5001\"],\"optionalArgs\":[\"port\",\"webchannel_port\",\"host\",\"rules\",\"websocket_port\",\"database-edition\",\"functions_emulator\",\"seed_from_export\",\"project_id\",\"single_project_mode\"],\"joinArgs\":false,\"shell\":false,\"port\":8080}"}}
[info] i  firestore: Firestore Emulator logging to firestore-debug.log {"metadata":{"emulator":{"name":"firestore"},"message":"Firestore Emulator logging to \u001b[1mfirestore-debug.log\u001b[22m"}}
[debug] [2026-06-09T16:24:23.192Z] Jun 09, 2026 10:24:23 PM com.google.cloud.datastore.emulator.firestore.websocket.WebSocketServer start
INFO: Started WebSocket server on ws://127.0.0.1:9150
 {"metadata":{"emulator":{"name":"firestore"},"message":"Jun 09, 2026 10:24:23 PM com.google.cloud.datastore.emulator.firestore.websocket.WebSocketServer start\r\nINFO: Started WebSocket server on ws://127.0.0.1:9150\r\n"}}
[debug] [2026-06-09T16:24:23.253Z] 
API endpoint: http://127.0.0.1:8080
 {"metadata":{"emulator":{"name":"firestore"},"message":"\nAPI endpoint: http://127.0.0.1:8080\n"}}
[debug] [2026-06-09T16:24:23.253Z] Database Edition: STANDARD
Database Mode: CLOUD_FIRESTORE

If you are using a library that supports the FIRESTORE_EMULATOR_HOST environment variable, run:

   export FIRESTORE_EMULATOR_HOST=127.0.0.1:8080

If you are running a Firestore in Datastore Mode project, run:

   export DATASTORE_EMULATOR_HOST=127.0.0.1:8080

Note: Support for Datastore Mode is in preview. If you encounter any bugs please file at https://github.com/firebase/firebase-tools/issues.
Dev App Server is now running.

 {"metadata":{"emulator":{"name":"firestore"},"message":"Database Edition: STANDARD\nDatabase Mode: CLOUD_FIRESTORE\n\nIf you are using a library that supports the FIRESTORE_EMULATOR_HOST environment variable, run:\r\n\n   export FIRESTORE_EMULATOR_HOST=127.0.0.1:8080\n\nIf you are running a Firestore in Datastore Mode project, run:\r\n\n   export DATASTORE_EMULATOR_HOST=127.0.0.1:8080\n\nNote: Support for Datastore Mode is in preview. If you encounter any bugs please file at https://github.com/firebase/firebase-tools/issues.\r\nDev App Server is now running.\n\r\n"}}
[info] +  firestore: Firestore Emulator was started in standard edition. {"metadata":{"emulator":{"name":"firestore"},"message":"Firestore Emulator was started in standard edition."}}
[info] +  firestore: Firestore Emulator UI websocket is running on 9150. {"metadata":{"emulator":{"name":"firestore"},"message":"Firestore Emulator UI websocket is running on 9150."}}
[debug] [2026-06-09T16:24:29.574Z] Ignoring unsupported arg: port {"metadata":{"emulator":{"name":"storage"},"message":"Ignoring unsupported arg: port"}}
[debug] [2026-06-09T16:24:30.560Z] Temp file directory for storage emulator: C:\Users\hp\AppData\Local\Temp/firebase/storage/blobs {"metadata":{"emulator":{"name":"storage"},"message":"Temp file directory for storage emulator: C:\\Users\\hp\\AppData\\Local\\Temp/firebase/storage/blobs"}}
[debug] [2026-06-09T16:24:30.572Z] [Extensions] Connecting Extensions emulator, this is a noop.
[info] i  functions: Watching "D:\projects\quicklime\functions" for Cloud Functions... {"metadata":{"emulator":{"name":"functions"},"message":"Watching \"D:\\projects\\quicklime\\functions\" for Cloud Functions..."}}
[debug] [2026-06-09T16:24:30.575Z] Validating nodejs source
[warn] !  functions: package.json indicates an outdated version of firebase-functions. Please upgrade using npm install --save firebase-functions@latest in your functions directory. 
[warn] !  functions: Please note that there will be breaking changes when you upgrade. 
[debug] [2026-06-09T16:24:31.468Z] > [functions] package.json contents: {
  "name": "functions",
  "scripts": {
    "build": "tsc",
    "build:watch": "tsc --watch",
    "serve": "npm run build && firebase emulators:start --only functions",
    "shell": "npm run build && firebase functions:shell",
    "start": "npm run shell",
    "deploy": "firebase deploy --only functions"
  },
  "engines": {
    "node": "20"
  },
  "main": "lib/index.js",
  "dependencies": {
    "firebase-admin": "^12.0.0",
    "firebase-functions": "^5.0.0"
  },
  "devDependencies": {
    "typescript": "^5.2.2"
  },
  "private": true
}
[debug] [2026-06-09T16:24:31.469Z] Building nodejs source
[debug] [2026-06-09T16:24:31.469Z] Failed to find version of module node: reached end of search path D:\projects\quicklime\functions\node_modules
[warn] !  functions: Your requested "node" version "20" doesn't match your global version "24". Using node@24 from host. 
[debug] [2026-06-09T16:24:31.472Z] Could not find functions.yaml. Must use http discovery
[debug] [2026-06-09T16:24:31.484Z] Found firebase-functions binary at 'D:\projects\quicklime\functions\node_modules\.bin\firebase-functions'
[info] Serving at port 8670

[debug] [2026-06-09T16:24:35.621Z] Got response from /__/functions.yaml {"endpoints":{"onUserCreate":{"platform":"gcfv1","availableMemoryMb":null,"timeoutSeconds":null,"minInstances":null,"maxInstances":null,"ingressSettings":null,"serviceAccountEmail":null,"vpc":null,"eventTrigger":{"eventType":"providers/firebase.auth/eventTypes/user.create","eventFilters":{"resource":"projects/quicklime-83fd3"},"retry":false},"labels":{},"entryPoint":"onUserCreate"},"createWorkspace":{"platform":"gcfv1","labels":{},"availableMemoryMb":null,"timeoutSeconds":null,"minInstances":null,"maxInstances":null,"ingressSettings":null,"serviceAccountEmail":null,"vpc":null,"callableTrigger":{},"entryPoint":"createWorkspace"},"joinWorkspace":{"platform":"gcfv1","labels":{},"availableMemoryMb":null,"timeoutSeconds":null,"minInstances":null,"maxInstances":null,"ingressSettings":null,"serviceAccountEmail":null,"vpc":null,"callableTrigger":{},"entryPoint":"joinWorkspace"},"updateRoutine":{"platform":"gcfv1","labels":{},"availableMemoryMb":null,"timeoutSeconds":null,"minInstances":null,"maxInstances":null,"ingressSettings":null,"serviceAccountEmail":null,"vpc":null,"callableTrigger":{},"entryPoint":"updateRoutine"},"updateFcmToken":{"platform":"gcfv1","labels":{},"availableMemoryMb":null,"timeoutSeconds":null,"minInstances":null,"maxInstances":null,"ingressSettings":null,"serviceAccountEmail":null,"vpc":null,"callableTrigger":{},"entryPoint":"updateFcmToken"},"deleteEvent":{"platform":"gcfv1","labels":{},"availableMemoryMb":null,"timeoutSeconds":null,"minInstances":null,"maxInstances":null,"ingressSettings":null,"serviceAccountEmail":null,"vpc":null,"callableTrigger":{},"entryPoint":"deleteEvent"},"generateInviteCode":{"platform":"gcfv1","labels":{},"availableMemoryMb":null,"timeoutSeconds":null,"minInstances":null,"maxInstances":null,"ingressSettings":null,"serviceAccountEmail":null,"vpc":null,"callableTrigger":{},"entryPoint":"generateInviteCode"},"leaveWorkspace":{"platform":"gcfv1","labels":{},"availableMemoryMb":null,"timeoutSeconds":null,"minInstances":null,"maxInstances":null,"ingressSettings":null,"serviceAccountEmail":null,"vpc":null,"callableTrigger":{},"entryPoint":"leaveWorkspace"},"onEventCreate":{"platform":"gcfv1","availableMemoryMb":null,"timeoutSeconds":null,"minInstances":null,"maxInstances":null,"ingressSettings":null,"serviceAccountEmail":null,"vpc":null,"eventTrigger":{"eventType":"providers/cloud.firestore/eventTypes/document.create","eventFilters":{"resource":"projects/quicklime-83fd3/databases/(default)/documents/workspaces/{workspaceId}/events/{eventId}"},"retry":false},"labels":{},"entryPoint":"onEventCreate"},"onEventUpdate":{"platform":"gcfv1","availableMemoryMb":null,"timeoutSeconds":null,"minInstances":null,"maxInstances":null,"ingressSettings":null,"serviceAccountEmail":null,"vpc":null,"eventTrigger":{"eventType":"providers/cloud.firestore/eventTypes/document.update","eventFilters":{"resource":"projects/quicklime-83fd3/databases/(default)/documents/workspaces/{workspaceId}/events/{eventId}"},"retry":false},"labels":{},"entryPoint":"onEventUpdate"},"onRoutineUpdate":{"platform":"gcfv1","availableMemoryMb":null,"timeoutSeconds":null,"minInstances":null,"maxInstances":null,"ingressSettings":null,"serviceAccountEmail":null,"vpc":null,"eventTrigger":{"eventType":"providers/cloud.firestore/eventTypes/document.update","eventFilters":{"resource":"projects/quicklime-83fd3/databases/(default)/documents/workspaces/{workspaceId}/routines/{routineId}"},"retry":false},"labels":{},"entryPoint":"onRoutineUpdate"},"refreshDownloadUrls":{"platform":"gcfv1","availableMemoryMb":null,"timeoutSeconds":null,"minInstances":null,"maxInstances":null,"ingressSettings":null,"serviceAccountEmail":null,"vpc":null,"scheduleTrigger":{"schedule":"every 24 hours","retryConfig":{"retryCount":null,"maxDoublings":null,"maxRetryDuration":null,"maxBackoffDuration":null,"minBackoffDuration":null},"timeZone":null},"labels":{},"entryPoint":"refreshDownloadUrls"}},"specVersion":"v1alpha1","requiredAPIs":[{"api":"cloudscheduler.googleapis.com","reason":"Needed for scheduled functions."}],"extensions":{}}
[info] +  functions: Loaded functions definitions from source: onUserCreate, createWorkspace, joinWorkspace, updateRoutine, updateFcmToken, deleteEvent, generateInviteCode, leaveWorkspace, onEventCreate, onEventUpdate, onRoutineUpdate, refreshDownloadUrls. {"metadata":{"emulator":{"name":"functions"},"message":"Loaded functions definitions from source: onUserCreate, createWorkspace, joinWorkspace, updateRoutine, updateFcmToken, deleteEvent, generateInviteCode, leaveWorkspace, onEventCreate, onEventUpdate, onRoutineUpdate, refreshDownloadUrls."}}
[debug] [2026-06-09T16:24:39.685Z] addAuthTrigger {"eventTrigger":{"eventType":"providers/firebase.auth/eventTypes/user.create","resource":"projects/quicklime-83fd3"}}
[info] +  functions[us-central1-onUserCreate]: auth function initialized. {"metadata":{"emulator":{"name":"functions"},"message":"\u001b[1mauth\u001b[22m function initialized."}}
[info] +  functions[us-central1-createWorkspace]: http function initialized (http://127.0.0.1:5001/quicklime-83fd3/us-central1/createWorkspace). {"metadata":{"emulator":{"name":"functions"},"message":"\u001b[1mhttp\u001b[22m function initialized (http://127.0.0.1:5001/quicklime-83fd3/us-central1/createWorkspace)."}}
[info] +  functions[us-central1-joinWorkspace]: http function initialized (http://127.0.0.1:5001/quicklime-83fd3/us-central1/joinWorkspace). {"metadata":{"emulator":{"name":"functions"},"message":"\u001b[1mhttp\u001b[22m function initialized (http://127.0.0.1:5001/quicklime-83fd3/us-central1/joinWorkspace)."}}
[info] +  functions[us-central1-updateRoutine]: http function initialized (http://127.0.0.1:5001/quicklime-83fd3/us-central1/updateRoutine). {"metadata":{"emulator":{"name":"functions"},"message":"\u001b[1mhttp\u001b[22m function initialized (http://127.0.0.1:5001/quicklime-83fd3/us-central1/updateRoutine)."}}
[info] +  functions[us-central1-updateFcmToken]: http function initialized (http://127.0.0.1:5001/quicklime-83fd3/us-central1/updateFcmToken). {"metadata":{"emulator":{"name":"functions"},"message":"\u001b[1mhttp\u001b[22m function initialized (http://127.0.0.1:5001/quicklime-83fd3/us-central1/updateFcmToken)."}}
[info] +  functions[us-central1-deleteEvent]: http function initialized (http://127.0.0.1:5001/quicklime-83fd3/us-central1/deleteEvent). {"metadata":{"emulator":{"name":"functions"},"message":"\u001b[1mhttp\u001b[22m function initialized (http://127.0.0.1:5001/quicklime-83fd3/us-central1/deleteEvent)."}}
[info] +  functions[us-central1-generateInviteCode]: http function initialized (http://127.0.0.1:5001/quicklime-83fd3/us-central1/generateInviteCode). {"metadata":{"emulator":{"name":"functions"},"message":"\u001b[1mhttp\u001b[22m function initialized (http://127.0.0.1:5001/quicklime-83fd3/us-central1/generateInviteCode)."}}
[info] +  functions[us-central1-leaveWorkspace]: http function initialized (http://127.0.0.1:5001/quicklime-83fd3/us-central1/leaveWorkspace). {"metadata":{"emulator":{"name":"functions"},"message":"\u001b[1mhttp\u001b[22m function initialized (http://127.0.0.1:5001/quicklime-83fd3/us-central1/leaveWorkspace)."}}
[debug] [2026-06-09T16:24:39.688Z] addFirestoreTrigger "{\"eventTrigger\":{\"eventType\":\"providers/cloud.firestore/eventTypes/document.create\",\"resource\":\"projects/quicklime-83fd3/databases/(default)/documents/workspaces/{workspaceId}/events/{eventId}\",\"service\":\"firestore.googleapis.com\"}}"
[debug] [2026-06-09T16:24:39.690Z] >>> [apiv2][query] PUT http://127.0.0.1:8080/emulator/v1/projects/quicklime-83fd3/triggers/us-central1-onEventCreate-0 [none]
[debug] [2026-06-09T16:24:39.690Z] >>> [apiv2][body] PUT http://127.0.0.1:8080/emulator/v1/projects/quicklime-83fd3/triggers/us-central1-onEventCreate-0 "{\"eventTrigger\":{\"eventType\":\"providers/cloud.firestore/eventTypes/document.create\",\"resource\":\"projects/quicklime-83fd3/databases/(default)/documents/workspaces/{workspaceId}/events/{eventId}\",\"service\":\"firestore.googleapis.com\"}}"
[debug] [2026-06-09T16:24:39.706Z] Jun 09, 2026 10:24:39 PM io.gapi.emulators.netty.HttpVersionRoutingHandler channelRead
INFO: Detected non-HTTP/2 connection.
 {"metadata":{"emulator":{"name":"firestore"},"message":"Jun 09, 2026 10:24:39 PM io.gapi.emulators.netty.HttpVersionRoutingHandler channelRead\r\nINFO: Detected non-HTTP/2 connection.\r\n"}}
[debug] [2026-06-09T16:24:39.965Z] Jun 09, 2026 10:24:39 PM io.grpc.netty.TcpMetrics loadEpollInfo
INFO: Epoll available during static init of TcpMetrics:false
 {"metadata":{"emulator":{"name":"firestore"},"message":"Jun 09, 2026 10:24:39 PM io.grpc.netty.TcpMetrics loadEpollInfo\r\nINFO: Epoll available during static init of TcpMetrics:false\r\n"}}
[debug] [2026-06-09T16:24:39.985Z] Jun 09, 2026 10:24:39 PM io.gapi.emulators.netty.HttpVersionRoutingHandler channelRead
INFO: Detected HTTP/2 connection.
 {"metadata":{"emulator":{"name":"firestore"},"message":"Jun 09, 2026 10:24:39 PM io.gapi.emulators.netty.HttpVersionRoutingHandler channelRead\r\nINFO: Detected HTTP/2 connection.\r\n"}}
[debug] [2026-06-09T16:24:41.020Z] <<< [apiv2][status] PUT http://127.0.0.1:8080/emulator/v1/projects/quicklime-83fd3/triggers/us-central1-onEventCreate-0 200
[debug] [2026-06-09T16:24:41.020Z] <<< [apiv2][body] PUT http://127.0.0.1:8080/emulator/v1/projects/quicklime-83fd3/triggers/us-central1-onEventCreate-0 {}
[info] +  functions[us-central1-onEventCreate]: firestore function initialized. {"metadata":{"emulator":{"name":"functions"},"message":"\u001b[1mfirestore\u001b[22m function initialized."}}
[debug] [2026-06-09T16:24:41.020Z] addFirestoreTrigger "{\"eventTrigger\":{\"eventType\":\"providers/cloud.firestore/eventTypes/document.update\",\"resource\":\"projects/quicklime-83fd3/databases/(default)/documents/workspaces/{workspaceId}/events/{eventId}\",\"service\":\"firestore.googleapis.com\"}}"
[debug] [2026-06-09T16:24:41.021Z] >>> [apiv2][query] PUT http://127.0.0.1:8080/emulator/v1/projects/quicklime-83fd3/triggers/us-central1-onEventUpdate-0 [none]
[debug] [2026-06-09T16:24:41.021Z] >>> [apiv2][body] PUT http://127.0.0.1:8080/emulator/v1/projects/quicklime-83fd3/triggers/us-central1-onEventUpdate-0 "{\"eventTrigger\":{\"eventType\":\"providers/cloud.firestore/eventTypes/document.update\",\"resource\":\"projects/quicklime-83fd3/databases/(default)/documents/workspaces/{workspaceId}/events/{eventId}\",\"service\":\"firestore.googleapis.com\"}}"
[debug] [2026-06-09T16:24:41.033Z] <<< [apiv2][status] PUT http://127.0.0.1:8080/emulator/v1/projects/quicklime-83fd3/triggers/us-central1-onEventUpdate-0 200
[debug] [2026-06-09T16:24:41.033Z] <<< [apiv2][body] PUT http://127.0.0.1:8080/emulator/v1/projects/quicklime-83fd3/triggers/us-central1-onEventUpdate-0 {}
[info] +  functions[us-central1-onEventUpdate]: firestore function initialized. {"metadata":{"emulator":{"name":"functions"},"message":"\u001b[1mfirestore\u001b[22m function initialized."}}
[debug] [2026-06-09T16:24:41.033Z] addFirestoreTrigger "{\"eventTrigger\":{\"eventType\":\"providers/cloud.firestore/eventTypes/document.update\",\"resource\":\"projects/quicklime-83fd3/databases/(default)/documents/workspaces/{workspaceId}/routines/{routineId}\",\"service\":\"firestore.googleapis.com\"}}"
[debug] [2026-06-09T16:24:41.034Z] >>> [apiv2][query] PUT http://127.0.0.1:8080/emulator/v1/projects/quicklime-83fd3/triggers/us-central1-onRoutineUpdate-0 [none]
[debug] [2026-06-09T16:24:41.034Z] >>> [apiv2][body] PUT http://127.0.0.1:8080/emulator/v1/projects/quicklime-83fd3/triggers/us-central1-onRoutineUpdate-0 "{\"eventTrigger\":{\"eventType\":\"providers/cloud.firestore/eventTypes/document.update\",\"resource\":\"projects/quicklime-83fd3/databases/(default)/documents/workspaces/{workspaceId}/routines/{routineId}\",\"service\":\"firestore.googleapis.com\"}}"
[debug] [2026-06-09T16:24:41.045Z] <<< [apiv2][status] PUT http://127.0.0.1:8080/emulator/v1/projects/quicklime-83fd3/triggers/us-central1-onRoutineUpdate-0 200
[debug] [2026-06-09T16:24:41.045Z] <<< [apiv2][body] PUT http://127.0.0.1:8080/emulator/v1/projects/quicklime-83fd3/triggers/us-central1-onRoutineUpdate-0 {}
[info] +  functions[us-central1-onRoutineUpdate]: firestore function initialized. {"metadata":{"emulator":{"name":"functions"},"message":"\u001b[1mfirestore\u001b[22m function initialized."}}
[info] i  functions[us-central1-refreshDownloadUrls]: function ignored because the pubsub emulator does not exist or is not running. {"metadata":{"emulator":{"name":"functions"},"message":"function ignored because the pubsub emulator does not exist or is not running."}}
[debug] [2026-06-09T16:24:41.057Z] Could not find VSCode notification endpoint: FetchError: request to http://localhost:40001/vscode/notify failed, reason: . If you are not running the Firebase SQL Connect VSCode extension, this is expected and not an issue.
[info] 
┌─────────────────────────────────────────────────────────────┐
│ ✔  All emulators ready! It is now safe to connect your app. │
│ i  View Emulator UI at http://127.0.0.1:4000/               │
└─────────────────────────────────────────────────────────────┘

┌────────────────┬────────────────┬──────────────────────────────────┐
│ Emulator       │ Host:Port      │ View in Emulator UI              │
├────────────────┼────────────────┼──────────────────────────────────┤
│ Authentication │ 127.0.0.1:9099 │ http://127.0.0.1:4000/auth       │
├────────────────┼────────────────┼──────────────────────────────────┤
│ Functions      │ 127.0.0.1:5001 │ http://127.0.0.1:4000/functions  │
├────────────────┼────────────────┼──────────────────────────────────┤
│ Firestore      │ 127.0.0.1:8080 │ http://127.0.0.1:4000/firestore  │
├────────────────┼────────────────┼──────────────────────────────────┤
│ Storage        │ 127.0.0.1:9199 │ http://127.0.0.1:4000/storage    │
├────────────────┼────────────────┼──────────────────────────────────┤
│ Extensions     │ 127.0.0.1:5001 │ http://127.0.0.1:4000/extensions │
└────────────────┴────────────────┴──────────────────────────────────┘
  Emulator Hub host: 127.0.0.1 port: 4400
  Other reserved ports: 4500, 9150
┌─────────────────────────┬───────────────┬─────────────────────┐
│ Extension Instance Name │ Extension Ref │ View in Emulator UI │
└─────────────────────────┴───────────────┴─────────────────────┘
Issues? Report them at https://github.com/firebase/firebase-tools/issues and attach the *-debug.log files.
 
